{
  "stats": {
    "suites": 1,
    "tests": 1,
    "passes": 0,
    "pending": 0,
    "failures": 1,
    "start": "2024-07-09T13:56:11.800Z",
    "end": "2024-07-09T13:56:20.873Z",
    "duration": 9073,
    "testsRegistered": 2,
    "passPercent": 0,
    "pendingPercent": 0,
    "other": 0,
    "hasOther": false,
    "skipped": 1,
    "hasSkipped": true
  },
  "results": [
    {
      "uuid": "aad588d0-413b-4e6b-bb9f-ab131831b4fa",
      "title": "",
      "fullFile": "cypress/e2e/craete-board.spec.ts",
      "file": "cypress/e2e/craete-board.spec.ts",
      "beforeHooks": [],
      "afterHooks": [],
      "tests": [],
      "suites": [
        {
          "uuid": "f361b7ad-f526-4c29-bfb6-b095cd794db6",
          "title": "Create a new board",
          "fullFile": "",
          "file": "",
          "beforeHooks": [],
          "afterHooks": [],
          "tests": [
            {
              "title": "Create board",
              "fullTitle": "Create a new board Create board",
              "timedOut": null,
              "duration": 1579,
              "state": "failed",
              "speed": null,
              "pass": false,
              "fail": true,
              "pending": false,
              "context": "{\n  \"title\": \"cypress-mochawesome-reporter-screenshots\",\n  \"value\": [\n    [\n      \"/craete-board.spec.ts/Create a new board -- Create board (failed).png\"\n    ],\n    [\n      \"/craete-board.spec.ts/Create a new board -- Create board -- before each hook (failed) (attempt 2).png\"\n    ]\n  ]\n}",
              "code": "cy.visit(Cypress.env(\"baseUrl\") + \"/boards\");\ncy.get(\"#board > .title\").should(\"exist\").type(\"board-1{enter}\");",
              "err": {
                "message": "CypressError: `cy.visit()` failed trying to load:\n\nhttps://parabank.parasoft.com/parabank/auth/login\n\nThe response we received from your web server was:\n\n  > 404: Not Found\n\nThis was considered a failure because the status code was not `2xx`.\n\nIf you do not want status codes to cause failures pass the option: `failOnStatusCode: false`\n\nThis error occurred while creating the session. Because the session setup failed, we failed the test.\n\nBecause this error occurred during a `before each` hook we are skipping the remaining tests in the current suite: `Create a new board`",
                "estack": "CypressError: `cy.visit()` failed trying to load:\n\nhttps://parabank.parasoft.com/parabank/auth/login\n\nThe response we received from your web server was:\n\n  > 404: Not Found\n\nThis was considered a failure because the status code was not `2xx`.\n\nIf you do not want status codes to cause failures pass the option: `failOnStatusCode: false`\n\nThis error occurred while creating the session. Because the session setup failed, we failed the test.\n\nBecause this error occurred during a `before each` hook we are skipping the remaining tests in the current suite: `Create a new board`\n    at <unknown> (https://parabank.parasoft.com/__cypress/runner/cypress_runner.js:131491:76)\n    at visitFailedByErr (https://parabank.parasoft.com/__cypress/runner/cypress_runner.js:130906:12)\n    at <unknown> (https://parabank.parasoft.com/__cypress/runner/cypress_runner.js:131474:13)\n    at tryCatcher (https://parabank.parasoft.com/__cypress/runner/cypress_runner.js:1807:23)\n    at Promise._settlePromiseFromHandler (https://parabank.parasoft.com/__cypress/runner/cypress_runner.js:1519:31)\n    at Promise._settlePromise (https://parabank.parasoft.com/__cypress/runner/cypress_runner.js:1576:18)\n    at Promise._settlePromise0 (https://parabank.parasoft.com/__cypress/runner/cypress_runner.js:1621:10)\n    at Promise._settlePromises (https://parabank.parasoft.com/__cypress/runner/cypress_runner.js:1697:18)\n    at _drainQueueStep (https://parabank.parasoft.com/__cypress/runner/cypress_runner.js:2407:12)\n    at _drainQueue (https://parabank.parasoft.com/__cypress/runner/cypress_runner.js:2400:9)\n    at Async._drainQueues (https://parabank.parasoft.com/__cypress/runner/cypress_runner.js:2416:5)\n    at Async.drainQueues (https://parabank.parasoft.com/__cypress/runner/cypress_runner.js:2286:14)\nFrom Your Spec Code:\n    at Object.eval [as setup] (webpack://cypress-boiler-plate/./cypress/support/commands.js:12:7)",
                "diff": null
              },
              "uuid": "6dbe7611-67cd-45e1-9050-8cf70770e18f",
              "parentUUID": "f361b7ad-f526-4c29-bfb6-b095cd794db6",
              "isHook": false,
              "skipped": false
            },
            {
              "title": "Verify creating the board",
              "fullTitle": "Create a new board Verify creating the board",
              "timedOut": null,
              "duration": 0,
              "state": "skipped",
              "speed": null,
              "pass": false,
              "fail": false,
              "pending": false,
              "context": null,
              "code": "cy.get(\"\").contains(\"board-1\");",
              "err": {},
              "uuid": "bb136ab9-ce6b-45d8-8482-d269234bc7dd",
              "parentUUID": "f361b7ad-f526-4c29-bfb6-b095cd794db6",
              "isHook": false,
              "skipped": true
            }
          ],
          "suites": [],
          "passes": [],
          "failures": [
            "6dbe7611-67cd-45e1-9050-8cf70770e18f"
          ],
          "pending": [],
          "skipped": [
            "bb136ab9-ce6b-45d8-8482-d269234bc7dd"
          ],
          "duration": 1579,
          "root": false,
          "rootEmpty": false,
          "_timeout": 2000
        }
      ],
      "passes": [],
      "failures": [],
      "pending": [],
      "skipped": [],
      "duration": 0,
      "root": true,
      "rootEmpty": true,
      "_timeout": 2000
    }
  ],
  "meta": {
    "mocha": {
      "version": "7.0.1"
    },
    "mochawesome": {
      "options": {
        "quiet": false,
        "reportFilename": "mochawesome",
        "saveHtml": false,
        "saveJson": true,
        "consoleReporter": "spec",
        "useInlineDiffs": false,
        "code": true
      },
      "version": "7.1.3"
    },
    "marge": {
      "options": {
        "id": "default",
        "cypressParallel": "true",
        "overwrite": false,
        "html": false,
        "json": true,
        "reportDir": "cypress/reports/html/.jsons"
      },
      "version": "6.2.0"
    }
  }
}