{
  "stats": {
    "suites": 1,
    "tests": 5,
    "passes": 1,
    "pending": 0,
    "failures": 4,
    "start": "2024-07-09T13:56:11.807Z",
    "end": "2024-07-09T13:59:21.824Z",
    "duration": 190017,
    "testsRegistered": 5,
    "passPercent": 20,
    "pendingPercent": 0,
    "other": 0,
    "hasOther": false,
    "skipped": 0,
    "hasSkipped": false
  },
  "results": [
    {
      "uuid": "45187725-016a-4d89-b553-9a6f16a5a741",
      "title": "",
      "fullFile": "cypress/e2e/login.spec.ts",
      "file": "cypress/e2e/login.spec.ts",
      "beforeHooks": [],
      "afterHooks": [],
      "tests": [],
      "suites": [
        {
          "uuid": "b6a79e2a-e809-4519-bc50-d108b49e9ae8",
          "title": "Login as an existing user",
          "fullFile": "",
          "file": "",
          "beforeHooks": [],
          "afterHooks": [],
          "tests": [
            {
              "title": "Click Login Button",
              "fullTitle": "Login as an existing user Click Login Button",
              "timedOut": null,
              "duration": 15768,
              "state": "failed",
              "speed": null,
              "pass": false,
              "fail": true,
              "pending": false,
              "context": "{\n  \"title\": \"cypress-mochawesome-reporter-screenshots\",\n  \"value\": [\n    [\n      \"/login.spec.ts/Login as an existing user -- Click Login Button (failed).png\"\n    ],\n    [\n      \"/login.spec.ts/Login as an existing user -- Click Login Button (failed) (attempt 2).png\"\n    ]\n  ]\n}",
              "code": "cy.wait(500);\nlg.loginButton().should(\"exist\").click();",
              "err": {
                "message": "AssertionError: Timed out retrying after 15000ms: Expected to find element: `.navbar > #NavigationAuth .link`, but never found it.",
                "estack": "AssertionError: Timed out retrying after 15000ms: Expected to find element: `.navbar > #NavigationAuth .link`, but never found it.\n    at Context.eval (webpack://cypress-boiler-plate/./cypress/e2e/login.spec.ts:12:0)",
                "diff": null
              },
              "uuid": "ddf5051e-3fb5-4bae-97f4-0f53aac50b75",
              "parentUUID": "b6a79e2a-e809-4519-bc50-d108b49e9ae8",
              "isHook": false,
              "skipped": false
            },
            {
              "title": "Enter email address",
              "fullTitle": "Login as an existing user Enter email address",
              "timedOut": null,
              "duration": 30260,
              "state": "failed",
              "speed": null,
              "pass": false,
              "fail": true,
              "pending": false,
              "context": "{\n  \"title\": \"cypress-mochawesome-reporter-screenshots\",\n  \"value\": [\n    [\n      \"/login.spec.ts/Login as an existing user -- Enter email address (failed).png\"\n    ],\n    [\n      \"/login.spec.ts/Login as an existing user -- Enter email address (failed) (attempt 2).png\"\n    ]\n  ]\n}",
              "code": "lg.emailInput().type(Cypress.env(\"loginEmail\"));",
              "err": {
                "message": "AssertionError: Timed out retrying after 30000ms: Expected to find element: `#email`, but never found it.",
                "estack": "AssertionError: Timed out retrying after 30000ms: Expected to find element: `#email`, but never found it.\n    at LoginPage.emailInput (webpack://cypress-boiler-plate/./cypress/pages/loginPage.ts:9:0)\n    at Context.eval (webpack://cypress-boiler-plate/./cypress/e2e/login.spec.ts:15:0)",
                "diff": null
              },
              "uuid": "a4f2313e-71e8-4ebc-97ba-0883786b8f80",
              "parentUUID": "b6a79e2a-e809-4519-bc50-d108b49e9ae8",
              "isHook": false,
              "skipped": false
            },
            {
              "title": "Enter password",
              "fullTitle": "Login as an existing user Enter password",
              "timedOut": null,
              "duration": 30274,
              "state": "failed",
              "speed": null,
              "pass": false,
              "fail": true,
              "pending": false,
              "context": "{\n  \"title\": \"cypress-mochawesome-reporter-screenshots\",\n  \"value\": [\n    [\n      \"/login.spec.ts/Login as an existing user -- Enter password (failed).png\"\n    ],\n    [\n      \"/login.spec.ts/Login as an existing user -- Enter password (failed) (attempt 2).png\"\n    ]\n  ]\n}",
              "code": "lg.passwordInput().type(Cypress.env(\"loginPassword\"));",
              "err": {
                "message": "AssertionError: Timed out retrying after 30000ms: Expected to find element: `#password`, but never found it.",
                "estack": "AssertionError: Timed out retrying after 30000ms: Expected to find element: `#password`, but never found it.\n    at LoginPage.passwordInput (webpack://cypress-boiler-plate/./cypress/pages/loginPage.ts:12:0)\n    at Context.eval (webpack://cypress-boiler-plate/./cypress/e2e/login.spec.ts:18:0)",
                "diff": null
              },
              "uuid": "c3a22629-6a69-41f0-be5c-07c43c3d4189",
              "parentUUID": "b6a79e2a-e809-4519-bc50-d108b49e9ae8",
              "isHook": false,
              "skipped": false
            },
            {
              "title": "Click login button",
              "fullTitle": "Login as an existing user Click login button",
              "timedOut": null,
              "duration": 15815,
              "state": "failed",
              "speed": null,
              "pass": false,
              "fail": true,
              "pending": false,
              "context": "{\n  \"title\": \"cypress-mochawesome-reporter-screenshots\",\n  \"value\": [\n    [\n      \"/login.spec.ts/Login as an existing user -- Click login button (failed) (1).png\"\n    ],\n    [\n      \"/login.spec.ts/Login as an existing user -- Click login button (failed) (attempt 2) (1).png\"\n    ]\n  ]\n}",
              "code": "cy.wait(500);\nlg.loginButton().click();",
              "err": {
                "message": "AssertionError: Timed out retrying after 15000ms: Expected to find element: `.navbar > #NavigationAuth .link`, but never found it.",
                "estack": "AssertionError: Timed out retrying after 15000ms: Expected to find element: `.navbar > #NavigationAuth .link`, but never found it.\n    at LoginPage.loginButton (webpack://cypress-boiler-plate/./cypress/pages/loginPage.ts:6:0)\n    at Context.eval (webpack://cypress-boiler-plate/./cypress/e2e/login.spec.ts:22:0)",
                "diff": null
              },
              "uuid": "dba88028-79a6-4ba5-bfb9-0b0d22aefda9",
              "parentUUID": "b6a79e2a-e809-4519-bc50-d108b49e9ae8",
              "isHook": false,
              "skipped": false
            },
            {
              "title": "Login success verify",
              "fullTitle": "Login as an existing user Login success verify",
              "timedOut": null,
              "duration": 3,
              "state": "passed",
              "speed": "fast",
              "pass": true,
              "fail": false,
              "pending": false,
              "context": null,
              "code": "// Add verification steps here",
              "err": {},
              "uuid": "dec5e5d0-7324-4fc9-a096-67aee427288c",
              "parentUUID": "b6a79e2a-e809-4519-bc50-d108b49e9ae8",
              "isHook": false,
              "skipped": false
            }
          ],
          "suites": [],
          "passes": [
            "dec5e5d0-7324-4fc9-a096-67aee427288c"
          ],
          "failures": [
            "ddf5051e-3fb5-4bae-97f4-0f53aac50b75",
            "a4f2313e-71e8-4ebc-97ba-0883786b8f80",
            "c3a22629-6a69-41f0-be5c-07c43c3d4189",
            "dba88028-79a6-4ba5-bfb9-0b0d22aefda9"
          ],
          "pending": [],
          "skipped": [],
          "duration": 92120,
          "root": false,
          "rootEmpty": false,
          "_timeout": 2000
        }
      ],
      "passes": [],
      "failures": [],
      "pending": [],
      "skipped": [],
      "duration": 0,
      "root": true,
      "rootEmpty": true,
      "_timeout": 2000
    }
  ],
  "meta": {
    "mocha": {
      "version": "7.0.1"
    },
    "mochawesome": {
      "options": {
        "quiet": false,
        "reportFilename": "mochawesome",
        "saveHtml": false,
        "saveJson": true,
        "consoleReporter": "spec",
        "useInlineDiffs": false,
        "code": true
      },
      "version": "7.1.3"
    },
    "marge": {
      "options": {
        "id": "default",
        "cypressParallel": "true",
        "overwrite": false,
        "html": false,
        "json": true,
        "reportDir": "cypress/reports/html/.jsons"
      },
      "version": "6.2.0"
    }
  }
}